[05Feb2025 00:00:05.375] [Server thread/INFO] [net.minecraft.server.MinecraftServer/]: [Ly4Nx_: Kicked Bascap: Kicked by an operator]
[05Feb2025 00:00:05.425] [Server thread/INFO] [net.minecraft.server.network.ServerGamePacketListenerImpl/]: Bascap lost connection: Kicked by an operator
[05Feb2025 00:00:05.425] [Server thread/INFO] [net.minecraft.server.MinecraftServer/]: Bascap left the game
[05Feb2025 00:00:05.694] [Server thread/INFO] [net.minecraft.server.MinecraftServer/]: [LIGS_458: Teleported LIGS_458 to -1048.500000, -41.500000, -405.500000]
[05Feb2025 00:00:10.442] [Server thread/INFO] [net.minecraft.server.MinecraftServer/]: [LIGS_458: Teleported LIGS_458 to -1048.500000, -41.500000, -405.500000]
[05Feb2025 00:00:17.593] [Server thread/INFO] [net.minecraft.server.MinecraftServer/]: [Warrior_Legend: Set own game mode to Creative Mode]
[05Feb2025 00:00:27.983] [Server thread/INFO] [net.minecraft.server.MinecraftServer/]: LIGS_458 was killed
[05Feb2025 00:00:27.984] [Server thread/INFO] [net.minecraft.server.MinecraftServer/]: [LIGS_458: Killed LIGS_458]
[05Feb2025 00:00:38.307] [Server thread/INFO] [net.minecraft.server.MinecraftServer/]: [LIGS_458: Teleported LIGS_458 to -1042.500000, -41.500000, -400.500000]
[05Feb2025 00:00:38.626] [Server thread/INFO] [net.minecraft.server.MinecraftServer/]: [Warrior_Legend: Teleported Warrior_Legend to LIGS_458]
[05Feb2025 00:00:42.784] [Server thread/INFO] [net.minecraft.server.MinecraftServer/]: [LIGS_458: Teleported LIGS_458 to -1107.500000, -42.500000, -405.500000]
[05Feb2025 00:00:46.779] [Server thread/INFO] [net.minecraft.server.players.PlayerList/]: Bascap[/127.143.177.98:51507] logged in with entity id 14544 at (70.5, -48.0, -343.5)
[05Feb2025 00:00:46.784] [Server thread/INFO] [net.minecraft.server.MinecraftServer/]: Bascap joined the game
[05Feb2025 00:00:47.080] [Server thread/INFO] [net.minecraft.server.MinecraftServer/]: Warrior_Legend was killed
[05Feb2025 00:00:47.080] [Server thread/INFO] [net.minecraft.server.MinecraftServer/]: [Warrior_Legend: Killed Warrior_Legend]
[05Feb2025 00:01:00.849] [Server thread/INFO] [net.minecraft.server.MinecraftServer/]: [Warrior_Legend: Teleported Warrior_Legend to LIGS_458]
[05Feb2025 00:01:12.648] [Server thread/INFO] [net.minecraft.server.MinecraftServer/]: [Not Secure] <Bascap> tp
[05Feb2025 00:01:15.281] [Server thread/INFO] [net.minecraft.server.MinecraftServer/]: [Not Secure] <Bascap> tp
[05Feb2025 00:01:17.263] [Server thread/INFO] [net.minecraft.server.MinecraftServer/]: [Not Secure] <Bascap> tp
[05Feb2025 00:01:17.677] [Server thread/INFO] [net.minecraft.server.MinecraftServer/]: [Not Secure] <Ly4Nx_> XD
[05Feb2025 00:01:19.684] [Server thread/INFO] [net.minecraft.server.MinecraftServer/]: [Warrior_Legend: Set own game mode to Survival Mode]
[05Feb2025 00:01:28.047] [Server thread/INFO] [net.minecraft.server.MinecraftServer/]: [Not Secure] <Ly4Nx_> JA
[05Feb2025 00:01:47.561] [Server thread/INFO] [net.minecraft.server.MinecraftServer/]: [LIGS_458: Made Bascap a server operator]
[05Feb2025 00:01:58.554] [Server thread/INFO] [net.minecraft.server.MinecraftServer/]: [Bascap: Set own game mode to Creative Mode]
[05Feb2025 00:02:00.178] [Server thread/INFO] [net.minecraft.server.MinecraftServer/]: [Not Secure] <Ly4Nx_> Yo gane
[05Feb2025 00:02:03.001] [Server thread/INFO] [net.minecraft.server.MinecraftServer/]: [Bascap: Teleported Bascap to LIGS_458]
[05Feb2025 00:02:12.827] [Server thread/INFO] [net.minecraft.server.MinecraftServer/]: [Not Secure] <Ly4Nx_> AAAAAAA
[05Feb2025 00:02:14.823] [Server thread/INFO] [net.minecraft.server.MinecraftServer/]: [Warrior_Legend: Set own game mode to Creative Mode]
[05Feb2025 00:02:17.927] [Server thread/INFO] [net.minecraft.server.MinecraftServer/]: Ly4Nx_ fell out of the world
[05Feb2025 00:02:41.375] [Server thread/INFO] [net.minecraft.server.MinecraftServer/]: [Ly4Nx_: Teleported LIGS_458 to Ly4Nx_]
[05Feb2025 00:02:48.575] [Server thread/INFO] [net.minecraft.server.MinecraftServer/]: LIGS_458 fell out of the world
[05Feb2025 00:02:48.786] [Server thread/INFO] [net.minecraft.server.MinecraftServer/]: [Bascap: Set own game mode to Survival Mode]
[05Feb2025 00:02:48.890] [Server thread/INFO] [net.minecraft.server.MinecraftServer/]: [Not Secure] <Ly4Nx_> JSAJSA
[05Feb2025 00:02:57.264] [Server thread/INFO] [net.minecraft.server.MinecraftServer/]: [LIGS_458: Teleported LIGS_458 to -1104.500000, -40.500000, -408.500000]
[05Feb2025 00:03:02.250] [Server thread/INFO] [net.minecraft.server.MinecraftServer/]: [Ly4Nx_: Teleported Ly4Nx_ to Warrior_Legend]
[05Feb2025 00:03:07.877] [Server thread/INFO] [net.minecraft.server.MinecraftServer/]: Ly4Nx_ fell out of the world
[05Feb2025 00:03:07.881] [Server thread/INFO] [net.minecraft.server.MinecraftServer/]: [Ly4Nx_: Set own game mode to Creative Mode]
[05Feb2025 00:03:11.457] [Server thread/INFO] [net.minecraft.server.MinecraftServer/]: [Warrior_Legend: Set own game mode to Survival Mode]
[05Feb2025 00:03:11.457] [Server thread/INFO] [net.minecraft.server.MinecraftServer/]: [Warrior_Legend: Set Ly4Nx_'s game mode to Survival Mode]
[05Feb2025 00:03:15.954] [Server thread/INFO] [net.minecraft.server.MinecraftServer/]: [Ly4Nx_: Set own game mode to Creative Mode]
[05Feb2025 00:03:25.660] [Server thread/INFO] [net.minecraft.server.MinecraftServer/]: [Ly4Nx_: Teleported Ly4Nx_ to Warrior_Legend]
[05Feb2025 00:03:40.576] [Server thread/INFO] [net.minecraft.server.MinecraftServer/]: [LIGS_458: Set spawn point to -1106, -43, -412 [0.0] in minecraft:overworld for LIGS_458]
[05Feb2025 00:03:43.153] [Server thread/INFO] [net.minecraft.server.MinecraftServer/]: [Warrior_Legend: Set spawn point to -1049, -42, -405 [0.0] in minecraft:overworld for Warrior_Legend]
[05Feb2025 00:03:45.347] [Server thread/INFO] [net.minecraft.server.MinecraftServer/]: [Ly4Nx_: Set spawn point to -1109, -48, -459 [0.0] in minecraft:overworld for Ly4Nx_]
[05Feb2025 00:03:50.314] [Server thread/INFO] [net.minecraft.server.MinecraftServer/]: [Warrior_Legend: Set Ly4Nx_'s game mode to Survival Mode]
[05Feb2025 00:03:50.494] [Server thread/INFO] [net.minecraft.server.MinecraftServer/]: [Bascap: Set own game mode to Creative Mode]
[05Feb2025 00:03:55.657] [Server thread/INFO] [net.minecraft.server.MinecraftServer/]: Bascap has made the advancement [Sweet Dreams]
[05Feb2025 00:04:01.825] [Server thread/INFO] [net.minecraft.server.MinecraftServer/]: [Bascap: Set own game mode to Survival Mode]
[05Feb2025 00:04:16.390] [Server thread/INFO] [net.minecraft.server.MinecraftServer/]: [Not Secure] <Ly4Nx_> yo ya estoy
[05Feb2025 00:04:31.785] [Server thread/INFO] [net.minecraft.server.MinecraftServer/]: [Warrior_Legend: Set own game mode to Adventure Mode]
[05Feb2025 00:04:32.172] [Server thread/INFO] [net.minecraft.server.network.ServerGamePacketListenerImpl/]: Bascap lost connection: Timed out
[05Feb2025 00:04:32.172] [Server thread/INFO] [net.minecraft.server.MinecraftServer/]: Bascap left the game
[05Feb2025 00:04:49.729] [Server thread/INFO] [net.minecraft.server.MinecraftServer/]: [Warrior_Legend: Set own game mode to Creative Mode]
[05Feb2025 00:05:10.509] [Server thread/INFO] [net.minecraft.server.MinecraftServer/]: [Not Secure] <Ly4Nx_> es mi base
[05Feb2025 00:05:33.180] [Server thread/INFO] [net.minecraft.server.MinecraftServer/]: [Warrior_Legend: Set own game mode to Survival Mode]
[05Feb2025 00:05:46.527] [Server thread/INFO] [net.minecraft.server.MinecraftServer/]: LIGS_458 was shot by Warrior_Legend
[05Feb2025 00:06:02.527] [Server thread/INFO] [net.minecraft.server.MinecraftServer/]: [LIGS_458: Set own game mode to Creative Mode]
[05Feb2025 00:06:10.675] [Server thread/INFO] [net.minecraft.server.MinecraftServer/]: [LIGS_458: Set own game mode to Survival Mode]
[05Feb2025 00:06:28.755] [Server thread/INFO] [net.minecraft.server.MinecraftServer/]: [Not Secure] <Ly4Nx_> toi tomando un baño
[05Feb2025 00:06:35.572] [Server thread/INFO] [net.minecraft.server.MinecraftServer/]: LIGS_458 was shot by Warrior_Legend
[05Feb2025 00:07:06.976] [Server thread/INFO] [net.minecraft.server.MinecraftServer/]: [Not Secure] <Ly4Nx_> diego no te quieres bañar?
[05Feb2025 00:07:37.674] [Server thread/INFO] [net.minecraft.server.MinecraftServer/]: [Warrior_Legend: Applied effect Poison to Ly4Nx_]
[05Feb2025 00:08:03.879] [Server thread/INFO] [net.minecraft.server.MinecraftServer/]: [Ly4Nx_: Teleported Warrior_Legend to Ly4Nx_]
[05Feb2025 00:08:10.897] [Server thread/INFO] [net.minecraft.server.MinecraftServer/]: Ly4Nx_ was killed
[05Feb2025 00:08:10.897] [Server thread/INFO] [net.minecraft.server.MinecraftServer/]: [Warrior_Legend: Killed Ly4Nx_]
[05Feb2025 00:08:18.876] [Server thread/INFO] [net.minecraft.server.MinecraftServer/]: [Warrior_Legend: Teleported Warrior_Legend to LIGS_458]
[05Feb2025 00:08:29.572] [Server thread/INFO] [net.minecraft.server.MinecraftServer/]: [Warrior_Legend: Set own game mode to Creative Mode]
[05Feb2025 00:08:34.680] [Server thread/INFO] [net.minecraft.server.MinecraftServer/]: [Ly4Nx_: Set own game mode to Creative Mode]
[05Feb2025 00:08:39.081] [Server thread/INFO] [net.minecraft.server.MinecraftServer/]: [Warrior_Legend: Set own game mode to Survival Mode]
[05Feb2025 00:08:43.038] [Server thread/INFO] [net.minecraft.server.MinecraftServer/]: [Ly4Nx_: Teleported Ly4Nx_ to LIGS_458]
[05Feb2025 00:08:56.533] [Server thread/INFO] [net.minecraft.server.players.PlayerList/]: Bascap[/127.143.177.98:42799] logged in with entity id 14706 at (-1048.5, -50.0, -452.5)
[05Feb2025 00:08:56.544] [Server thread/INFO] [net.minecraft.server.MinecraftServer/]: Bascap joined the game
[05Feb2025 00:09:24.928] [Server thread/INFO] [net.minecraft.server.MinecraftServer/]: LIGS_458 was shot by Warrior_Legend
[05Feb2025 00:09:26.623] [Server thread/INFO] [net.minecraft.server.network.ServerGamePacketListenerImpl/]: Bascap lost connection: Timed out
[05Feb2025 00:09:26.623] [Server thread/INFO] [net.minecraft.server.MinecraftServer/]: Bascap left the game
[05Feb2025 00:09:34.923] [Server thread/INFO] [net.minecraft.server.MinecraftServer/]: LIGS_458 was shot by Warrior_Legend
[05Feb2025 00:09:40.328] [Server thread/INFO] [net.minecraft.server.players.PlayerList/]: Bascap[/127.143.177.98:53095] logged in with entity id 14745 at (-1044.860906167141, -51.0, -453.40698679182884)
[05Feb2025 00:09:40.340] [Server thread/INFO] [net.minecraft.server.MinecraftServer/]: Bascap joined the game
[05Feb2025 00:09:49.823] [Server thread/INFO] [net.minecraft.server.MinecraftServer/]: LIGS_458 was shot by Warrior_Legend
[05Feb2025 00:10:15.050] [Server thread/INFO] [net.minecraft.server.MinecraftServer/]: [Warrior_Legend: Removed every effect from Bascap]
[05Feb2025 00:10:43.888] [Server thread/INFO] [net.minecraft.server.MinecraftServer/]: [Warrior_Legend: Set Ly4Nx_'s game mode to Survival Mode]
[05Feb2025 00:10:46.072] [Server thread/INFO] [net.minecraft.server.MinecraftServer/]: Ly4Nx_ was shot by Warrior_Legend
[05Feb2025 00:10:53.138] [Server thread/INFO] [net.minecraft.server.MinecraftServer/]: [Ly4Nx_: Set own game mode to Creative Mode]
[05Feb2025 00:11:02.656] [Server thread/INFO] [net.minecraft.server.MinecraftServer/]: [Ly4Nx_: Teleported Ly4Nx_ to Warrior_Legend]
[05Feb2025 00:11:54.779] [Server thread/INFO] [net.minecraft.server.network.ServerGamePacketListenerImpl/]: Bascap lost connection: Disconnected
[05Feb2025 00:11:54.779] [Server thread/INFO] [net.minecraft.server.MinecraftServer/]: Bascap left the game
[05Feb2025 00:12:09.378] [Server thread/INFO] [net.minecraft.server.players.PlayerList/]: Bascap[/127.143.177.98:50203] logged in with entity id 14862 at (-1048.5529034174224, -44.373368408920484, -454.51249998807907)
[05Feb2025 00:12:09.388] [Server thread/INFO] [net.minecraft.server.MinecraftServer/]: Bascap joined the game
[05Feb2025 00:12:15.037] [Server thread/INFO] [net.minecraft.server.MinecraftServer/]: [LIGS_458: Set own game mode to Creative Mode]
[05Feb2025 00:12:38.330] [Server thread/INFO] [net.minecraft.server.MinecraftServer/]: [Bascap: Teleported Bascap to Warrior_Legend]
[05Feb2025 00:12:45.222] [Server thread/INFO] [net.minecraft.server.MinecraftServer/]: Warrior_Legend was shot by LIGS_458
[05Feb2025 00:12:58.671] [Server thread/INFO] [net.minecraft.server.MinecraftServer/]: Warrior_Legend was shot by Bascap
[05Feb2025 00:13:08.280] [Server thread/INFO] [net.minecraft.server.MinecraftServer/]: [Warrior_Legend: Set LIGS_458's game mode to Survival Mode]
[05Feb2025 00:13:08.281] [Server thread/INFO] [net.minecraft.server.MinecraftServer/]: [Warrior_Legend: Set Ly4Nx_'s game mode to Survival Mode]
[05Feb2025 00:13:14.323] [Server thread/INFO] [net.minecraft.server.MinecraftServer/]: Ly4Nx_ fell out of the world
[05Feb2025 00:13:15.585] [Server thread/INFO] [net.minecraft.server.MinecraftServer/]: [LIGS_458: Set own game mode to Creative Mode]
[05Feb2025 00:13:26.786] [Server thread/INFO] [net.minecraft.server.MinecraftServer/]: [Ly4Nx_: Teleported Ly4Nx_ to LIGS_458]
[05Feb2025 00:13:33.142] [Server thread/INFO] [net.minecraft.server.MinecraftServer/]: [Ly4Nx_: Set own game mode to Creative Mode]
[05Feb2025 00:13:40.778] [Server thread/INFO] [net.minecraft.server.MinecraftServer/]: [LIGS_458: Set own game mode to Survival Mode]
[05Feb2025 00:14:07.621] [Server thread/INFO] [net.minecraft.server.MinecraftServer/]: Warrior_Legend was shot by Bascap
[05Feb2025 00:15:01.671] [Server thread/INFO] [net.minecraft.server.MinecraftServer/]: Warrior_Legend was shot by LIGS_458
[05Feb2025 00:15:37.674] [Server thread/INFO] [net.minecraft.server.MinecraftServer/]: LIGS_458 was shot by Bascap
[05Feb2025 00:16:37.826] [Server thread/INFO] [net.minecraft.server.MinecraftServer/]: [Bascap: Teleported Bascap to LIGS_458]
[05Feb2025 00:16:59.726] [Server thread/INFO] [net.minecraft.server.MinecraftServer/]: [Bascap: Teleported Bascap to LIGS_458]
[05Feb2025 00:17:09.927] [Server thread/INFO] [net.minecraft.server.MinecraftServer/]: LIGS_458 fell out of the world
[05Feb2025 00:17:10.276] [Server thread/INFO] [net.minecraft.server.MinecraftServer/]: Bascap was killed
[05Feb2025 00:17:10.276] [Server thread/INFO] [net.minecraft.server.MinecraftServer/]: [Warrior_Legend: Killed Bascap]
[05Feb2025 00:18:04.876] [Server thread/INFO] [net.minecraft.server.MinecraftServer/]: LIGS_458 was shot by Bascap
[05Feb2025 00:21:07.473] [Server thread/INFO] [net.minecraft.server.MinecraftServer/]: LIGS_458 was shot by Warrior_Legend
[05Feb2025 00:21:17.670] [Server thread/INFO] [net.minecraft.server.MinecraftServer/]: Bascap was shot by Warrior_Legend
[05Feb2025 00:22:07.724] [Server thread/INFO] [net.minecraft.server.network.ServerGamePacketListenerImpl/]: Bascap lost connection: Disconnected
[05Feb2025 00:22:07.724] [Server thread/INFO] [net.minecraft.server.MinecraftServer/]: Bascap left the game
[05Feb2025 00:22:29.023] [Server thread/INFO] [net.minecraft.server.MinecraftServer/]: LIGS_458 was shot by Warrior_Legend
[05Feb2025 00:22:35.744] [Server thread/INFO] [net.minecraft.server.MinecraftServer/]: [LIGS_458: Set own game mode to Spectator Mode]
[05Feb2025 00:22:36.627] [Server thread/INFO] [net.minecraft.server.players.PlayerList/]: Bascap[/127.143.177.98:34501] logged in with entity id 15075 at (-1103.0015918328797, -71.16482362439801, -415.67189584581695)
[05Feb2025 00:22:36.637] [Server thread/INFO] [net.minecraft.server.MinecraftServer/]: Bascap joined the game
[05Feb2025 00:22:42.320] [Server thread/INFO] [net.minecraft.server.MinecraftServer/]: Bascap fell out of the world
[05Feb2025 00:22:59.504] [Server thread/INFO] [net.minecraft.server.MinecraftServer/]: [LIGS_458: Teleported Bascap to LIGS_458]
[05Feb2025 00:24:49.375] [Server thread/INFO] [net.minecraft.server.MinecraftServer/]: Bascap fell out of the world
[05Feb2025 00:25:01.579] [Server thread/INFO] [net.minecraft.server.MinecraftServer/]: Warrior_Legend was killed
[05Feb2025 00:25:01.580] [Server thread/INFO] [net.minecraft.server.MinecraftServer/]: [Bascap: Killed Warrior_Legend]
[05Feb2025 00:25:06.550] [Server thread/INFO] [net.minecraft.server.MinecraftServer/]: [Bascap: Removed 282 item(s) from player Bascap]
[05Feb2025 00:25:13.633] [Server thread/INFO] [net.minecraft.server.MinecraftServer/]: [Bascap: Removed 1429 item(s) from 4 players]
[05Feb2025 00:25:40.421] [Server thread/INFO] [net.minecraft.server.MinecraftServer/]: Bascap fell out of the world
[05Feb2025 00:26:11.075] [Server thread/INFO] [net.minecraft.server.network.ServerGamePacketListenerImpl/]: Ly4Nx_ lost connection: Disconnected
[05Feb2025 00:26:11.075] [Server thread/INFO] [net.minecraft.server.MinecraftServer/]: Ly4Nx_ left the game
[05Feb2025 00:26:14.020] [Server thread/INFO] [net.minecraft.server.MinecraftServer/]: [Warrior_Legend: Set own game mode to Creative Mode]
[05Feb2025 00:26:24.375] [Server thread/INFO] [net.minecraft.server.MinecraftServer/]: [LIGS_458: Set own game mode to Creative Mode]
[05Feb2025 00:26:53.875] [Server thread/INFO] [net.minecraft.server.MinecraftServer/]: Bascap didn't want to live in the same world as Warrior_Legend
[05Feb2025 00:27:16.978] [Server thread/INFO] [net.minecraft.server.network.ServerGamePacketListenerImpl/]: Bascap lost connection: Disconnected
[05Feb2025 00:27:16.978] [Server thread/INFO] [net.minecraft.server.MinecraftServer/]: Bascap left the game
[05Feb2025 00:34:32.219] [Server thread/INFO] [net.minecraft.server.MinecraftServer/]: [Warrior_Legend: Set LIGS_458's game mode to Survival Mode]
[05Feb2025 00:34:32.220] [Server thread/INFO] [net.minecraft.server.MinecraftServer/]: [Warrior_Legend: Set own game mode to Survival Mode]
[05Feb2025 00:34:37.473] [Server thread/INFO] [net.minecraft.server.MinecraftServer/]: [LIGS_458: Set own game mode to Creative Mode]
[05Feb2025 00:34:59.848] [Server thread/INFO] [net.minecraft.server.MinecraftServer/]: [Warrior_Legend: Set own game mode to Creative Mode]
[05Feb2025 00:37:50.296] [Server thread/INFO] [net.minecraft.server.MinecraftServer/]: [Warrior_Legend: Set LIGS_458's game mode to Survival Mode]
[05Feb2025 00:37:50.297] [Server thread/INFO] [net.minecraft.server.MinecraftServer/]: [Warrior_Legend: Set own game mode to Survival Mode]
[05Feb2025 00:37:54.537] [Server thread/INFO] [net.minecraft.server.MinecraftServer/]: [LIGS_458: Set own game mode to Creative Mode]
[05Feb2025 00:38:12.728] [Server thread/INFO] [net.minecraft.server.MinecraftServer/]: [Warrior_Legend: Set LIGS_458's game mode to Survival Mode]
[05Feb2025 00:38:23.122] [Server thread/INFO] [net.minecraft.server.MinecraftServer/]: Warrior_Legend was shot by LIGS_458
[05Feb2025 00:38:28.139] [Server thread/INFO] [net.minecraft.server.MinecraftServer/]: [LIGS_458: Set own game mode to Creative Mode]
[05Feb2025 00:38:29.373] [Server thread/INFO] [net.minecraft.server.MinecraftServer/]: [Warrior_Legend: Set own game mode to Creative Mode]
[05Feb2025 00:39:19.528] [Server thread/INFO] [net.minecraft.server.players.PlayerList/]: Bascap[/127.143.177.98:57911] logged in with entity id 15377 at (81.69524998807907, -43.0, -338.30000001192093)
[05Feb2025 00:39:19.539] [Server thread/INFO] [net.minecraft.server.MinecraftServer/]: Bascap joined the game
[05Feb2025 00:39:28.133] [Server thread/INFO] [net.minecraft.server.MinecraftServer/]: LIGS_458 was killed
[05Feb2025 00:39:28.134] [Server thread/INFO] [net.minecraft.server.MinecraftServer/]: Warrior_Legend was killed
[05Feb2025 00:39:28.134] [Server thread/INFO] [net.minecraft.server.MinecraftServer/]: Bascap was killed
[05Feb2025 00:39:28.135] [Server thread/INFO] [net.minecraft.server.MinecraftServer/]: [Bascap: Killed 3 entities]
